<?xml version="1.0" encoding="UTF-8"?>
<!-- Generated by org.testng.reporters.JUnitXMLReporter -->
<testsuite hostname="DESKTOP-FA69E0C" ignored="0" name="Regression" tests="1" failures="1" timestamp="26 Sep 2018 15:11:12 GMT" time="14.21" errors="0">
  <testcase name="SignUp" time="0.235" classname="com.craftsvilla.testScripts.SignUpScripts">
    <failure type="java.lang.NoClassDefFoundError" message="org/apache/commons/compress/archivers/zip/ZipFile">
      <![CDATA[java.lang.NoClassDefFoundError: org/apache/commons/compress/archivers/zip/ZipFile
at org.apache.poi.openxml4j.opc.OPCPackage.open(OPCPackage.java:298)
at org.apache.poi.ooxml.util.PackageHelper.open(PackageHelper.java:37)
at org.apache.poi.xssf.usermodel.XSSFWorkbook.<init>(XSSFWorkbook.java:307)
at com.craftsvilla.utilities.ReadExcel.getData(ReadExcel.java:29)
at com.craftsvilla.testScripts.SignUpScripts.SignUp(SignUpScripts.java:21)
Caused by: java.lang.ClassNotFoundException: org.apache.commons.compress.archivers.zip.ZipFile
at java.net.URLClassLoader.findClass(Unknown Source)
at java.lang.ClassLoader.loadClass(Unknown Source)
at sun.misc.Launcher$AppClassLoader.loadClass(Unknown Source)
at java.lang.ClassLoader.loadClass(Unknown Source)
... 30 more
... Removed 25 stack frames]]>
    </failure>
  </testcase> <!-- SignUp -->
</testsuite> <!-- Regression -->
